<?xml version="1.0" encoding="UTF-8"?>
<!-- Generated by org.testng.reporters.JUnitReportReporter -->
<testsuite hostname="FVFHXG3KQ6LR" failures="0" tests="1" name="CucumberRunner" time="0.027" errors="0" timestamp="2023-05-22T12:27:25 IST" skipped="0">
  <testcase classname="CucumberRunner" name="runScenario" time="0.027"/>
  <system-out/>
</testsuite> <!-- CucumberRunner -->
